# JRE version: OpenJDK Runtime Environment (11.0+28) (build 11+28)
# Java VM: OpenJDK 64-Bit Server VM (11+28, mixed mode, tiered, compressed oops, g1 gc, windows-amd64)
Heap:
 garbage-first heap   total 315392K, used 13865K [0x0000000700c00000, 0x0000000800000000)
  region size 1024K, 8 young (8192K), 8 survivors (8192K)
 Metaspace       used 34792K, capacity 35886K, committed 36048K, reserved 1081344K
  class space    used 4299K, capacity 4734K, committed 4860K, reserved 1048576K
GC Heap History (10 events):
Event: 0.463 GC heap after
{Heap after GC invocations=1 (full 0):
 garbage-first heap   total 262144K, used 5995K [0x0000000700c00000, 0x0000000800000000)
  region size 1024K, 2 young (2048K), 2 survivors (2048K)
 Metaspace       used 9777K, capacity 10048K, committed 10368K, reserved 1058816K
  class space    used 941K, capacity 1033K, committed 1152K, reserved 1048576K
}
Event: 0.683 GC heap before
{Heap before GC invocations=1 (full 0):
 garbage-first heap   total 262144K, used 19307K [0x0000000700c00000, 0x0000000800000000)
  region size 1024K, 15 young (15360K), 2 survivors (2048K)
 Metaspace       used 12499K, capacity 13002K, committed 13056K, reserved 1060864K
  class space    used 1304K, capacity 1490K, committed 1536K, reserved 1048576K
}
Event: 0.686 GC heap after
{Heap after GC invocations=2 (full 0):
 garbage-first heap   total 262144K, used 6689K [0x0000000700c00000, 0x0000000800000000)
  region size 1024K, 1 young (1024K), 1 survivors (1024K)
 Metaspace       used 12499K, capacity 13002K, committed 13056K, reserved 1060864K
  class space    used 1304K, capacity 1490K, committed 1536K, reserved 1048576K
}
Event: 1.139 GC heap before
{Heap before GC invocations=2 (full 0):
 garbage-first heap   total 262144K, used 35361K [0x0000000700c00000, 0x0000000800000000)
  region size 1024K, 29 young (29696K), 1 survivors (1024K)
 Metaspace       used 17781K, capacity 18368K, committed 18560K, reserved 1064960K
  class space    used 1935K, capacity 2175K, committed 2176K, reserved 1048576K
}
Event: 1.142 GC heap after
{Heap after GC invocations=3 (full 0):
 garbage-first heap   total 262144K, used 8377K [0x0000000700c00000, 0x0000000800000000)
  region size 1024K, 3 young (3072K), 3 survivors (3072K)
 Metaspace       used 17781K, capacity 18368K, committed 18560K, reserved 1064960K
  class space    used 1935K, capacity 2175K, committed 2176K, reserved 1048576K
}
Event: 1.363 GC heap before
{Heap before GC invocations=3 (full 0):
 garbage-first heap   total 262144K, used 19641K [0x0000000700c00000, 0x0000000800000000)
  region size 1024K, 15 young (15360K), 3 survivors (3072K)
 Metaspace       used 20512K, capacity 21166K, committed 21248K, reserved 1069056K
  class space    used 2267K, capacity 2537K, committed 2560K, reserved 1048576K
}
Event: 1.366 GC heap after
{Heap after GC invocations=4 (full 0):
 garbage-first heap   total 262144K, used 9104K [0x0000000700c00000, 0x0000000800000000)
  region size 1024K, 3 young (3072K), 3 survivors (3072K)
 Metaspace       used 20512K, capacity 21166K, committed 21248K, reserved 1069056K
  class space    used 2267K, capacity 2537K, committed 2560K, reserved 1048576K
}
Event: 1.944 GC heap before
{Heap before GC invocations=5 (full 0):
 garbage-first heap   total 262144K, used 59280K [0x0000000700c00000, 0x0000000800000000)
  region size 1024K, 52 young (53248K), 3 survivors (3072K)
 Metaspace       used 27814K, capacity 28710K, committed 28924K, reserved 1075200K
  class space    used 3374K, capacity 3727K, committed 3836K, reserved 1048576K
}
Event: 1.950 GC heap after
{Heap after GC invocations=6 (full 0):
 garbage-first heap   total 262144K, used 11284K [0x0000000700c00000, 0x0000000800000000)
  region size 1024K, 6 young (6144K), 6 survivors (6144K)
 Metaspace       used 27814K, capacity 28710K, committed 28924K, reserved 1075200K
  class space    used 3374K, capacity 3727K, committed 3836K, reserved 1048576K
}
Event: 3.632 GC heap before
{Heap before GC invocations=6 (full 0):
 garbage-first heap   total 262144K, used 68628K [0x0000000700c00000, 0x0000000800000000)
  region size 1024K, 63 young (64512K), 6 survivors (6144K)
 Metaspace       used 34792K, capacity 35886K, committed 36048K, reserved 1081344K
  class space    used 4299K, capacity 4734K, committed 4860K, reserved 1048576K
}

